Mon 02 Dec 2024 11:34:17 INFO  ['src/default_tracker.py', '--dataset=mind', '--model=BPR']
Mon 02 Dec 2024 11:34:17 INFO  
General Hyper Parameters:
gpu_id = 0
use_gpu = True
seed = 2020
state = INFO
reproducibility = True
data_path = data/mind
checkpoint_dir = saved/mind\BPR
show_progress = True
save_dataset = False
dataset_save_path = None
save_dataloaders = False
dataloaders_save_path = None
log_wandb = False

Training Hyper Parameters:
epochs = 200
train_batch_size = 2048
learner = adam
learning_rate = 0.001
train_neg_sample_args = {'distribution': 'uniform', 'sample_num': 1, 'dynamic': False, 'candidate_num': 0, 'alpha': 1.0}
eval_step = 1
stopping_step = 10
clip_grad_norm = None
weight_decay = 0.0
loss_decimal_place = 4

Evaluation Hyper Parameters:
eval_args = {'split': {'RS': [0.8, 0.1, 0.1]}, 'order': 'RO', 'group_by': 'user', 'mode': {'valid': 'full', 'test': 'full'}}
repeatable = False
metrics = ['Recall', 'MRR', 'NDCG', 'Hit', 'MAP', 'Precision', 'GAUC', 'ItemCoverage', 'AveragePopularity', 'GiniIndex', 'ShannonEntropy', 'TailPercentage']
topk = [10]
valid_metric = MRR@10
valid_metric_bigger = True
eval_batch_size = 4096
metric_decimal_place = 4

Dataset Hyper Parameters:
field_separator = 	
seq_separator =  
USER_ID_FIELD = user_id
ITEM_ID_FIELD = item_id
RATING_FIELD = rating
TIME_FIELD = timestamp
seq_len = None
LABEL_FIELD = label
threshold = None
NEG_PREFIX = neg_
load_col = {'inter': ['user_id', 'item_id']}
unload_col = None
unused_col = None
additional_feat_suffix = None
rm_dup_inter = None
val_interval = None
filter_inter_by_user_or_item = True
user_inter_num_interval = [0,inf)
item_inter_num_interval = [0,inf)
alias_of_user_id = None
alias_of_item_id = None
alias_of_entity_id = None
alias_of_relation_id = None
preload_weight = None
normalize_field = None
normalize_all = None
ITEM_LIST_LENGTH_FIELD = item_length
LIST_SUFFIX = _list
MAX_ITEM_LIST_LENGTH = 50
POSITION_FIELD = position_id
HEAD_ENTITY_ID_FIELD = head_id
TAIL_ENTITY_ID_FIELD = tail_id
RELATION_ID_FIELD = relation_id
ENTITY_ID_FIELD = entity_id
benchmark_filename = None

Other Hyper Parameters: 
worker = 0
wandb_project = recbole
shuffle = True
require_pow = False
enable_amp = False
enable_scaler = False
transform = None
embedding_size = 64
numerical_features = []
discretization = None
kg_reverse_r = False
entity_kg_num_interval = [0,inf)
relation_kg_num_interval = [0,inf)
MODEL_TYPE = ModelType.GENERAL
encoding = utf-8
device = cpu
my_log_file = C:\Users\Guido\OneDrive\Materiale\codice\Tesi-main\log\carbon_default.log
MODEL_INPUT_TYPE = InputType.PAIRWISE
eval_type = EvaluatorType.RANKING
single_spec = True
local_rank = 0
valid_neg_sample_args = {'distribution': 'uniform', 'sample_num': 'none'}
test_neg_sample_args = {'distribution': 'uniform', 'sample_num': 'none'}


Mon 02 Dec 2024 11:34:20 INFO  mind
The number of users: 23680
Average actions of users: 44.282908906626126
The number of items: 4415
Average actions of items: 237.55663797009515
The number of inters: 1048575
The sparsity of the dataset: 98.9970319625968%
Remain Fields: ['user_id', 'item_id']
Mon 02 Dec 2024 11:34:23 INFO  [Training]: train_batch_size = [2048] train_neg_sample_args: [{'distribution': 'uniform', 'sample_num': 1, 'dynamic': False, 'candidate_num': 0, 'alpha': 1.0}]
Mon 02 Dec 2024 11:34:23 INFO  [Evaluation]: eval_batch_size = [4096] eval_args: [{'split': {'RS': [0.8, 0.1, 0.1]}, 'order': 'RO', 'group_by': 'user', 'mode': {'valid': 'full', 'test': 'full'}}]
Mon 02 Dec 2024 11:34:23 INFO  BPR(
  (user_embedding): Embedding(23680, 64)
  (item_embedding): Embedding(4415, 64)
  (loss): BPRLoss()
)
Trainable parameters: 1798080
Mon 02 Dec 2024 11:34:24 INFO  FLOPs: 128.0
Mon 02 Dec 2024 11:34:43 INFO  epoch 0 training [time: 8.89s, train loss: 183.8284]
Mon 02 Dec 2024 11:35:52 INFO  epoch 0 evaluating [time: 69.06s, valid_score: 0.368900]
Mon 02 Dec 2024 11:35:52 INFO  valid result: 
recall@10 : 0.3656    mrr@10 : 0.3689    ndcg@10 : 0.2808    hit@10 : 0.6455    map@10 : 0.194    precision@10 : 0.1025    gauc : 0.9647    itemcoverage@10 : 0.0784    averagepopularity@10 : 8841.2734    giniindex@10 : 0.9952    shannonentropy@10 : 0.0095    tailpercentage@10 : 0.0003
Mon 02 Dec 2024 11:35:52 INFO  Saving current: saved/mind\BPR\BPR-Dec-02-2024_11-34-24.pth
Mon 02 Dec 2024 11:36:02 INFO  epoch 1 training [time: 10.14s, train loss: 46.0542]
Mon 02 Dec 2024 11:37:48 INFO  epoch 1 evaluating [time: 105.49s, valid_score: 0.377400]
Mon 02 Dec 2024 11:37:48 INFO  valid result: 
recall@10 : 0.3586    mrr@10 : 0.3774    ndcg@10 : 0.283    hit@10 : 0.6428    map@10 : 0.1984    precision@10 : 0.1021    gauc : 0.9674    itemcoverage@10 : 0.0285    averagepopularity@10 : 8929.8477    giniindex@10 : 0.9954    shannonentropy@10 : 0.0257    tailpercentage@10 : 0.0
Mon 02 Dec 2024 11:37:48 INFO  Saving current: saved/mind\BPR\BPR-Dec-02-2024_11-34-24.pth
Mon 02 Dec 2024 11:38:02 INFO  epoch 2 training [time: 14.25s, train loss: 36.6775]
Mon 02 Dec 2024 11:39:29 INFO  epoch 2 evaluating [time: 86.89s, valid_score: 0.368900]
Mon 02 Dec 2024 11:39:29 INFO  valid result: 
recall@10 : 0.368    mrr@10 : 0.3689    ndcg@10 : 0.2821    hit@10 : 0.6545    map@10 : 0.1936    precision@10 : 0.1069    gauc : 0.97    itemcoverage@10 : 0.029    averagepopularity@10 : 8807.7186    giniindex@10 : 0.9951    shannonentropy@10 : 0.0261    tailpercentage@10 : 0.0
Mon 02 Dec 2024 11:39:43 INFO  epoch 3 training [time: 13.83s, train loss: 32.6470]
Mon 02 Dec 2024 11:41:39 INFO  epoch 3 evaluating [time: 116.68s, valid_score: 0.371500]
Mon 02 Dec 2024 11:41:39 INFO  valid result: 
recall@10 : 0.3782    mrr@10 : 0.3715    ndcg@10 : 0.2847    hit@10 : 0.669    map@10 : 0.1909    precision@10 : 0.1125    gauc : 0.9723    itemcoverage@10 : 0.0328    averagepopularity@10 : 8523.7875    giniindex@10 : 0.9946    shannonentropy@10 : 0.0239    tailpercentage@10 : 0.0
Mon 02 Dec 2024 11:41:54 INFO  epoch 4 training [time: 14.05s, train loss: 29.8926]
Mon 02 Dec 2024 11:43:09 INFO  epoch 4 evaluating [time: 75.89s, valid_score: 0.388900]
Mon 02 Dec 2024 11:43:09 INFO  valid result: 
recall@10 : 0.3991    mrr@10 : 0.3889    ndcg@10 : 0.3001    hit@10 : 0.692    map@10 : 0.2021    precision@10 : 0.1191    gauc : 0.9741    itemcoverage@10 : 0.0403    averagepopularity@10 : 8229.9323    giniindex@10 : 0.9938    shannonentropy@10 : 0.0202    tailpercentage@10 : 0.0
Mon 02 Dec 2024 11:43:09 INFO  Saving current: saved/mind\BPR\BPR-Dec-02-2024_11-34-24.pth
Mon 02 Dec 2024 11:43:20 INFO  epoch 5 training [time: 10.36s, train loss: 27.7645]
Mon 02 Dec 2024 11:44:32 INFO  epoch 5 evaluating [time: 71.98s, valid_score: 0.397400]
Mon 02 Dec 2024 11:44:32 INFO  valid result: 
recall@10 : 0.4177    mrr@10 : 0.3974    ndcg@10 : 0.3108    hit@10 : 0.7119    map@10 : 0.2085    precision@10 : 0.125    gauc : 0.9755    itemcoverage@10 : 0.0433    averagepopularity@10 : 7924.6424    giniindex@10 : 0.9929    shannonentropy@10 : 0.0196    tailpercentage@10 : 0.0
Mon 02 Dec 2024 11:44:32 INFO  Saving current: saved/mind\BPR\BPR-Dec-02-2024_11-34-24.pth
Mon 02 Dec 2024 11:44:42 INFO  epoch 6 training [time: 10.41s, train loss: 26.1227]
Mon 02 Dec 2024 11:45:50 INFO  epoch 6 evaluating [time: 68.04s, valid_score: 0.411700]
Mon 02 Dec 2024 11:45:50 INFO  valid result: 
recall@10 : 0.4328    mrr@10 : 0.4117    ndcg@10 : 0.3228    hit@10 : 0.7293    map@10 : 0.2177    precision@10 : 0.1296    gauc : 0.9766    itemcoverage@10 : 0.0464    averagepopularity@10 : 7647.6912    giniindex@10 : 0.9922    shannonentropy@10 : 0.0188    tailpercentage@10 : 0.0
Mon 02 Dec 2024 11:45:50 INFO  Saving current: saved/mind\BPR\BPR-Dec-02-2024_11-34-24.pth
Mon 02 Dec 2024 11:46:00 INFO  epoch 7 training [time: 9.92s, train loss: 24.9881]
Mon 02 Dec 2024 11:47:08 INFO  epoch 7 evaluating [time: 67.78s, valid_score: 0.428100]
Mon 02 Dec 2024 11:47:08 INFO  valid result: 
recall@10 : 0.4483    mrr@10 : 0.4281    ndcg@10 : 0.3398    hit@10 : 0.7445    map@10 : 0.2342    precision@10 : 0.1339    gauc : 0.9775    itemcoverage@10 : 0.0516    averagepopularity@10 : 7363.251    giniindex@10 : 0.9913    shannonentropy@10 : 0.0173    tailpercentage@10 : 0.0
Mon 02 Dec 2024 11:47:08 INFO  Saving current: saved/mind\BPR\BPR-Dec-02-2024_11-34-24.pth
Mon 02 Dec 2024 11:47:18 INFO  epoch 8 training [time: 10.06s, train loss: 23.6990]
Mon 02 Dec 2024 11:48:30 INFO  epoch 8 evaluating [time: 71.45s, valid_score: 0.439600]
Mon 02 Dec 2024 11:48:30 INFO  valid result: 
recall@10 : 0.4547    mrr@10 : 0.4396    ndcg@10 : 0.3497    hit@10 : 0.7512    map@10 : 0.2438    precision@10 : 0.137    gauc : 0.9783    itemcoverage@10 : 0.055    averagepopularity@10 : 7139.4073    giniindex@10 : 0.9906    shannonentropy@10 : 0.0166    tailpercentage@10 : 0.0
Mon 02 Dec 2024 11:48:30 INFO  Saving current: saved/mind\BPR\BPR-Dec-02-2024_11-34-24.pth
Mon 02 Dec 2024 11:48:40 INFO  epoch 9 training [time: 10.06s, train loss: 22.5366]
Mon 02 Dec 2024 11:49:48 INFO  epoch 9 evaluating [time: 68.47s, valid_score: 0.455200]
Mon 02 Dec 2024 11:49:48 INFO  valid result: 
recall@10 : 0.4676    mrr@10 : 0.4552    ndcg@10 : 0.3634    hit@10 : 0.7632    map@10 : 0.2569    precision@10 : 0.1403    gauc : 0.979    itemcoverage@10 : 0.0589    averagepopularity@10 : 7037.9295    giniindex@10 : 0.9898    shannonentropy@10 : 0.0158    tailpercentage@10 : 0.0
Mon 02 Dec 2024 11:49:48 INFO  Saving current: saved/mind\BPR\BPR-Dec-02-2024_11-34-24.pth
Mon 02 Dec 2024 11:49:58 INFO  epoch 10 training [time: 9.98s, train loss: 21.7135]
Mon 02 Dec 2024 11:51:07 INFO  epoch 10 evaluating [time: 69.19s, valid_score: 0.462300]
Mon 02 Dec 2024 11:51:07 INFO  valid result: 
recall@10 : 0.4758    mrr@10 : 0.4623    ndcg@10 : 0.3715    hit@10 : 0.7708    map@10 : 0.2641    precision@10 : 0.1436    gauc : 0.9797    itemcoverage@10 : 0.0634    averagepopularity@10 : 6927.4919    giniindex@10 : 0.9891    shannonentropy@10 : 0.0149    tailpercentage@10 : 0.0
Mon 02 Dec 2024 11:51:07 INFO  Saving current: saved/mind\BPR\BPR-Dec-02-2024_11-34-24.pth
Mon 02 Dec 2024 11:51:17 INFO  epoch 11 training [time: 9.90s, train loss: 20.7110]
Mon 02 Dec 2024 11:52:24 INFO  epoch 11 evaluating [time: 67.16s, valid_score: 0.471200]
Mon 02 Dec 2024 11:52:24 INFO  valid result: 
recall@10 : 0.4814    mrr@10 : 0.4712    ndcg@10 : 0.379    hit@10 : 0.7758    map@10 : 0.2715    precision@10 : 0.1456    gauc : 0.9804    itemcoverage@10 : 0.0689    averagepopularity@10 : 6820.6932    giniindex@10 : 0.9888    shannonentropy@10 : 0.0138    tailpercentage@10 : 0.0
Mon 02 Dec 2024 11:52:24 INFO  Saving current: saved/mind\BPR\BPR-Dec-02-2024_11-34-24.pth
Mon 02 Dec 2024 11:52:34 INFO  epoch 12 training [time: 9.87s, train loss: 19.8294]
Mon 02 Dec 2024 11:53:54 INFO  epoch 12 evaluating [time: 79.29s, valid_score: 0.464600]
Mon 02 Dec 2024 11:53:54 INFO  valid result: 
recall@10 : 0.4956    mrr@10 : 0.4646    ndcg@10 : 0.379    hit@10 : 0.7876    map@10 : 0.267    precision@10 : 0.1489    gauc : 0.9809    itemcoverage@10 : 0.072    averagepopularity@10 : 6702.7563    giniindex@10 : 0.9879    shannonentropy@10 : 0.0134    tailpercentage@10 : 0.0
Mon 02 Dec 2024 11:54:06 INFO  epoch 13 training [time: 12.57s, train loss: 19.4024]
Mon 02 Dec 2024 11:55:55 INFO  epoch 13 evaluating [time: 109.23s, valid_score: 0.471000]
Mon 02 Dec 2024 11:55:55 INFO  valid result: 
recall@10 : 0.5002    mrr@10 : 0.471    ndcg@10 : 0.3858    hit@10 : 0.7916    map@10 : 0.2743    precision@10 : 0.1511    gauc : 0.9815    itemcoverage@10 : 0.0786    averagepopularity@10 : 6575.2055    giniindex@10 : 0.987    shannonentropy@10 : 0.0125    tailpercentage@10 : 0.0
Mon 02 Dec 2024 11:56:08 INFO  epoch 14 training [time: 12.41s, train loss: 18.4789]
Mon 02 Dec 2024 11:57:35 INFO  epoch 14 evaluating [time: 87.17s, valid_score: 0.484200]
Mon 02 Dec 2024 11:57:35 INFO  valid result: 
recall@10 : 0.5102    mrr@10 : 0.4842    ndcg@10 : 0.3984    hit@10 : 0.8007    map@10 : 0.2871    precision@10 : 0.1529    gauc : 0.982    itemcoverage@10 : 0.0811    averagepopularity@10 : 6464.597    giniindex@10 : 0.9861    shannonentropy@10 : 0.0123    tailpercentage@10 : 0.0
Mon 02 Dec 2024 11:57:35 INFO  Saving current: saved/mind\BPR\BPR-Dec-02-2024_11-34-24.pth
Mon 02 Dec 2024 11:57:48 INFO  epoch 15 training [time: 12.94s, train loss: 17.7916]
Mon 02 Dec 2024 11:59:25 INFO  epoch 15 evaluating [time: 96.71s, valid_score: 0.488400]
Mon 02 Dec 2024 11:59:25 INFO  valid result: 
recall@10 : 0.5158    mrr@10 : 0.4884    ndcg@10 : 0.4033    hit@10 : 0.8051    map@10 : 0.2916    precision@10 : 0.1551    gauc : 0.9824    itemcoverage@10 : 0.084    averagepopularity@10 : 6421.9494    giniindex@10 : 0.9858    shannonentropy@10 : 0.0119    tailpercentage@10 : 0.0
Mon 02 Dec 2024 11:59:25 INFO  Saving current: saved/mind\BPR\BPR-Dec-02-2024_11-34-24.pth
Mon 02 Dec 2024 11:59:37 INFO  epoch 16 training [time: 12.74s, train loss: 16.9627]
Mon 02 Dec 2024 12:01:09 INFO  epoch 16 evaluating [time: 91.86s, valid_score: 0.485100]
Mon 02 Dec 2024 12:01:09 INFO  valid result: 
recall@10 : 0.5202    mrr@10 : 0.4851    ndcg@10 : 0.4029    hit@10 : 0.8097    map@10 : 0.2898    precision@10 : 0.1565    gauc : 0.9828    itemcoverage@10 : 0.0892    averagepopularity@10 : 6374.1713    giniindex@10 : 0.9854    shannonentropy@10 : 0.0113    tailpercentage@10 : 0.0
Mon 02 Dec 2024 12:01:21 INFO  epoch 17 training [time: 12.10s, train loss: 16.5004]
Mon 02 Dec 2024 12:02:38 INFO  epoch 17 evaluating [time: 76.79s, valid_score: 0.496300]
Mon 02 Dec 2024 12:02:38 INFO  valid result: 
recall@10 : 0.5272    mrr@10 : 0.4963    ndcg@10 : 0.4123    hit@10 : 0.8162    map@10 : 0.2995    precision@10 : 0.158    gauc : 0.9832    itemcoverage@10 : 0.0915    averagepopularity@10 : 6285.6094    giniindex@10 : 0.9845    shannonentropy@10 : 0.0111    tailpercentage@10 : 0.0
Mon 02 Dec 2024 12:02:38 INFO  Saving current: saved/mind\BPR\BPR-Dec-02-2024_11-34-24.pth
Mon 02 Dec 2024 12:02:48 INFO  epoch 18 training [time: 10.21s, train loss: 16.0982]
Mon 02 Dec 2024 12:03:55 INFO  epoch 18 evaluating [time: 66.88s, valid_score: 0.496800]
Mon 02 Dec 2024 12:03:55 INFO  valid result: 
recall@10 : 0.5292    mrr@10 : 0.4968    ndcg@10 : 0.4143    hit@10 : 0.8175    map@10 : 0.3015    precision@10 : 0.1594    gauc : 0.9836    itemcoverage@10 : 0.0954    averagepopularity@10 : 6173.0546    giniindex@10 : 0.984    shannonentropy@10 : 0.0108    tailpercentage@10 : 0.0
Mon 02 Dec 2024 12:03:55 INFO  Saving current: saved/mind\BPR\BPR-Dec-02-2024_11-34-24.pth
Mon 02 Dec 2024 12:04:05 INFO  epoch 19 training [time: 9.96s, train loss: 15.5036]
Mon 02 Dec 2024 12:05:15 INFO  epoch 19 evaluating [time: 69.28s, valid_score: 0.495200]
Mon 02 Dec 2024 12:05:15 INFO  valid result: 
recall@10 : 0.5348    mrr@10 : 0.4952    ndcg@10 : 0.4152    hit@10 : 0.8221    map@10 : 0.3007    precision@10 : 0.1611    gauc : 0.9839    itemcoverage@10 : 0.0983    averagepopularity@10 : 6137.7407    giniindex@10 : 0.9834    shannonentropy@10 : 0.0105    tailpercentage@10 : 0.0
Mon 02 Dec 2024 12:05:26 INFO  epoch 20 training [time: 11.67s, train loss: 15.0692]
Mon 02 Dec 2024 12:06:53 INFO  epoch 20 evaluating [time: 86.58s, valid_score: 0.510900]
Mon 02 Dec 2024 12:06:53 INFO  valid result: 
recall@10 : 0.5392    mrr@10 : 0.5109    ndcg@10 : 0.4278    hit@10 : 0.8271    map@10 : 0.3153    precision@10 : 0.1623    gauc : 0.9843    itemcoverage@10 : 0.1006    averagepopularity@10 : 6084.4928    giniindex@10 : 0.983    shannonentropy@10 : 0.0104    tailpercentage@10 : 0.0
Mon 02 Dec 2024 12:06:53 INFO  Saving current: saved/mind\BPR\BPR-Dec-02-2024_11-34-24.pth
Mon 02 Dec 2024 12:07:05 INFO  epoch 21 training [time: 11.80s, train loss: 14.5390]
Mon 02 Dec 2024 12:08:30 INFO  epoch 21 evaluating [time: 84.77s, valid_score: 0.500800]
Mon 02 Dec 2024 12:08:30 INFO  valid result: 
recall@10 : 0.541    mrr@10 : 0.5008    ndcg@10 : 0.4224    hit@10 : 0.8262    map@10 : 0.3082    precision@10 : 0.1634    gauc : 0.9846    itemcoverage@10 : 0.1051    averagepopularity@10 : 6024.9613    giniindex@10 : 0.9823    shannonentropy@10 : 0.01    tailpercentage@10 : 0.0
Mon 02 Dec 2024 12:08:41 INFO  epoch 22 training [time: 11.21s, train loss: 14.2019]
Mon 02 Dec 2024 12:10:04 INFO  epoch 22 evaluating [time: 83.55s, valid_score: 0.503900]
Mon 02 Dec 2024 12:10:04 INFO  valid result: 
recall@10 : 0.5459    mrr@10 : 0.5039    ndcg@10 : 0.4262    hit@10 : 0.8308    map@10 : 0.3116    precision@10 : 0.1647    gauc : 0.9849    itemcoverage@10 : 0.1085    averagepopularity@10 : 6026.3316    giniindex@10 : 0.982    shannonentropy@10 : 0.0097    tailpercentage@10 : 0.0
Mon 02 Dec 2024 12:10:15 INFO  epoch 23 training [time: 11.07s, train loss: 13.7443]
Mon 02 Dec 2024 12:11:39 INFO  epoch 23 evaluating [time: 83.23s, valid_score: 0.511500]
Mon 02 Dec 2024 12:11:39 INFO  valid result: 
recall@10 : 0.5531    mrr@10 : 0.5115    ndcg@10 : 0.4343    hit@10 : 0.8361    map@10 : 0.3196    precision@10 : 0.166    gauc : 0.9852    itemcoverage@10 : 0.1112    averagepopularity@10 : 5941.3172    giniindex@10 : 0.9814    shannonentropy@10 : 0.0095    tailpercentage@10 : 0.0
Mon 02 Dec 2024 12:11:39 INFO  Saving current: saved/mind\BPR\BPR-Dec-02-2024_11-34-24.pth
Mon 02 Dec 2024 12:11:52 INFO  epoch 24 training [time: 13.60s, train loss: 13.1155]
Mon 02 Dec 2024 12:13:08 INFO  epoch 24 evaluating [time: 75.21s, valid_score: 0.508900]
Mon 02 Dec 2024 12:13:08 INFO  valid result: 
recall@10 : 0.5567    mrr@10 : 0.5089    ndcg@10 : 0.4331    hit@10 : 0.8391    map@10 : 0.3169    precision@10 : 0.1673    gauc : 0.9855    itemcoverage@10 : 0.1166    averagepopularity@10 : 5937.5919    giniindex@10 : 0.981    shannonentropy@10 : 0.0091    tailpercentage@10 : 0.0
Mon 02 Dec 2024 12:13:18 INFO  epoch 25 training [time: 10.08s, train loss: 12.8411]
Mon 02 Dec 2024 12:14:26 INFO  epoch 25 evaluating [time: 68.05s, valid_score: 0.509600]
Mon 02 Dec 2024 12:14:26 INFO  valid result: 
recall@10 : 0.5573    mrr@10 : 0.5096    ndcg@10 : 0.4348    hit@10 : 0.8403    map@10 : 0.319    precision@10 : 0.168    gauc : 0.9857    itemcoverage@10 : 0.1182    averagepopularity@10 : 5902.2225    giniindex@10 : 0.9808    shannonentropy@10 : 0.009    tailpercentage@10 : 0.0
Mon 02 Dec 2024 12:14:35 INFO  epoch 26 training [time: 9.67s, train loss: 12.6118]
Mon 02 Dec 2024 12:15:43 INFO  epoch 26 evaluating [time: 67.55s, valid_score: 0.520800]
Mon 02 Dec 2024 12:15:43 INFO  valid result: 
recall@10 : 0.5579    mrr@10 : 0.5208    ndcg@10 : 0.4417    hit@10 : 0.841    map@10 : 0.3274    precision@10 : 0.168    gauc : 0.9859    itemcoverage@10 : 0.1237    averagepopularity@10 : 5906.5702    giniindex@10 : 0.9807    shannonentropy@10 : 0.0086    tailpercentage@10 : 0.0
Mon 02 Dec 2024 12:15:43 INFO  Saving current: saved/mind\BPR\BPR-Dec-02-2024_11-34-24.pth
Mon 02 Dec 2024 12:15:53 INFO  epoch 27 training [time: 10.20s, train loss: 11.9320]
Mon 02 Dec 2024 12:17:02 INFO  epoch 27 evaluating [time: 68.41s, valid_score: 0.522700]
Mon 02 Dec 2024 12:17:02 INFO  valid result: 
recall@10 : 0.5627    mrr@10 : 0.5227    ndcg@10 : 0.4451    hit@10 : 0.8441    map@10 : 0.3303    precision@10 : 0.1695    gauc : 0.9862    itemcoverage@10 : 0.123    averagepopularity@10 : 5881.9057    giniindex@10 : 0.9803    shannonentropy@10 : 0.0087    tailpercentage@10 : 0.0
Mon 02 Dec 2024 12:17:02 INFO  Saving current: saved/mind\BPR\BPR-Dec-02-2024_11-34-24.pth
Mon 02 Dec 2024 12:17:12 INFO  epoch 28 training [time: 9.97s, train loss: 11.8533]
Mon 02 Dec 2024 12:18:19 INFO  epoch 28 evaluating [time: 66.94s, valid_score: 0.521100]
Mon 02 Dec 2024 12:18:19 INFO  valid result: 
recall@10 : 0.5646    mrr@10 : 0.5211    ndcg@10 : 0.4456    hit@10 : 0.8458    map@10 : 0.3305    precision@10 : 0.1702    gauc : 0.9864    itemcoverage@10 : 0.1259    averagepopularity@10 : 5792.7554    giniindex@10 : 0.9794    shannonentropy@10 : 0.0086    tailpercentage@10 : 0.0
Mon 02 Dec 2024 12:18:28 INFO  epoch 29 training [time: 9.91s, train loss: 11.5760]
Mon 02 Dec 2024 12:19:34 INFO  epoch 29 evaluating [time: 65.31s, valid_score: 0.521100]
Mon 02 Dec 2024 12:19:34 INFO  valid result: 
recall@10 : 0.5695    mrr@10 : 0.5211    ndcg@10 : 0.4473    hit@10 : 0.8497    map@10 : 0.331    precision@10 : 0.1714    gauc : 0.9866    itemcoverage@10 : 0.1307    averagepopularity@10 : 5790.4497    giniindex@10 : 0.9792    shannonentropy@10 : 0.0083    tailpercentage@10 : 0.0
Mon 02 Dec 2024 12:19:44 INFO  epoch 30 training [time: 9.86s, train loss: 11.2399]
Mon 02 Dec 2024 12:20:53 INFO  epoch 30 evaluating [time: 68.95s, valid_score: 0.524700]
Mon 02 Dec 2024 12:20:53 INFO  valid result: 
recall@10 : 0.573    mrr@10 : 0.5247    ndcg@10 : 0.451    hit@10 : 0.8525    map@10 : 0.3347    precision@10 : 0.1725    gauc : 0.9868    itemcoverage@10 : 0.1334    averagepopularity@10 : 5751.6055    giniindex@10 : 0.9787    shannonentropy@10 : 0.0082    tailpercentage@10 : 0.0
Mon 02 Dec 2024 12:20:53 INFO  Saving current: saved/mind\BPR\BPR-Dec-02-2024_11-34-24.pth
Mon 02 Dec 2024 12:21:03 INFO  epoch 31 training [time: 9.95s, train loss: 10.7768]
Mon 02 Dec 2024 12:22:10 INFO  epoch 31 evaluating [time: 67.92s, valid_score: 0.524800]
Mon 02 Dec 2024 12:22:10 INFO  valid result: 
recall@10 : 0.5727    mrr@10 : 0.5248    ndcg@10 : 0.4515    hit@10 : 0.8518    map@10 : 0.3354    precision@10 : 0.1733    gauc : 0.987    itemcoverage@10 : 0.1361    averagepopularity@10 : 5766.7844    giniindex@10 : 0.9785    shannonentropy@10 : 0.008    tailpercentage@10 : 0.0
Mon 02 Dec 2024 12:22:10 INFO  Saving current: saved/mind\BPR\BPR-Dec-02-2024_11-34-24.pth
Mon 02 Dec 2024 12:22:21 INFO  epoch 32 training [time: 10.27s, train loss: 10.5835]
Mon 02 Dec 2024 12:23:27 INFO  epoch 32 evaluating [time: 66.59s, valid_score: 0.527900]
Mon 02 Dec 2024 12:23:27 INFO  valid result: 
recall@10 : 0.5746    mrr@10 : 0.5279    ndcg@10 : 0.4541    hit@10 : 0.8533    map@10 : 0.3381    precision@10 : 0.1733    gauc : 0.9872    itemcoverage@10 : 0.14    averagepopularity@10 : 5694.072    giniindex@10 : 0.9781    shannonentropy@10 : 0.0078    tailpercentage@10 : 0.0
Mon 02 Dec 2024 12:23:27 INFO  Saving current: saved/mind\BPR\BPR-Dec-02-2024_11-34-24.pth
Mon 02 Dec 2024 12:23:37 INFO  epoch 33 training [time: 9.91s, train loss: 10.2714]
Mon 02 Dec 2024 12:24:43 INFO  epoch 33 evaluating [time: 66.14s, valid_score: 0.527900]
Mon 02 Dec 2024 12:24:43 INFO  valid result: 
recall@10 : 0.5785    mrr@10 : 0.5279    ndcg@10 : 0.456    hit@10 : 0.8576    map@10 : 0.3395    precision@10 : 0.1742    gauc : 0.9874    itemcoverage@10 : 0.1447    averagepopularity@10 : 5694.9482    giniindex@10 : 0.9777    shannonentropy@10 : 0.0076    tailpercentage@10 : 0.0
Mon 02 Dec 2024 12:24:43 INFO  Saving current: saved/mind\BPR\BPR-Dec-02-2024_11-34-24.pth
Mon 02 Dec 2024 12:24:53 INFO  epoch 34 training [time: 9.98s, train loss: 10.0100]
Mon 02 Dec 2024 12:26:00 INFO  epoch 34 evaluating [time: 66.30s, valid_score: 0.533400]
Mon 02 Dec 2024 12:26:00 INFO  valid result: 
recall@10 : 0.5783    mrr@10 : 0.5334    ndcg@10 : 0.4591    hit@10 : 0.8569    map@10 : 0.3433    precision@10 : 0.1745    gauc : 0.9875    itemcoverage@10 : 0.1472    averagepopularity@10 : 5712.3139    giniindex@10 : 0.9774    shannonentropy@10 : 0.0075    tailpercentage@10 : 0.0
Mon 02 Dec 2024 12:26:00 INFO  Saving current: saved/mind\BPR\BPR-Dec-02-2024_11-34-24.pth
Mon 02 Dec 2024 12:26:10 INFO  epoch 35 training [time: 9.97s, train loss: 9.7920]
Mon 02 Dec 2024 12:27:14 INFO  epoch 35 evaluating [time: 64.35s, valid_score: 0.531200]
Mon 02 Dec 2024 12:27:14 INFO  valid result: 
recall@10 : 0.5824    mrr@10 : 0.5312    ndcg@10 : 0.4588    hit@10 : 0.8605    map@10 : 0.3416    precision@10 : 0.1753    gauc : 0.9877    itemcoverage@10 : 0.152    averagepopularity@10 : 5672.6622    giniindex@10 : 0.9773    shannonentropy@10 : 0.0072    tailpercentage@10 : 0.0
Mon 02 Dec 2024 12:27:23 INFO  epoch 36 training [time: 8.99s, train loss: 9.4249]
Mon 02 Dec 2024 12:28:28 INFO  epoch 36 evaluating [time: 64.56s, valid_score: 0.533600]
Mon 02 Dec 2024 12:28:28 INFO  valid result: 
recall@10 : 0.5835    mrr@10 : 0.5336    ndcg@10 : 0.4609    hit@10 : 0.8611    map@10 : 0.3441    precision@10 : 0.1753    gauc : 0.9878    itemcoverage@10 : 0.157    averagepopularity@10 : 5629.9053    giniindex@10 : 0.9769    shannonentropy@10 : 0.007    tailpercentage@10 : 0.0
Mon 02 Dec 2024 12:28:28 INFO  Saving current: saved/mind\BPR\BPR-Dec-02-2024_11-34-24.pth
Mon 02 Dec 2024 12:28:38 INFO  epoch 37 training [time: 9.97s, train loss: 9.2314]
Mon 02 Dec 2024 12:29:48 INFO  epoch 37 evaluating [time: 70.37s, valid_score: 0.536200]
Mon 02 Dec 2024 12:29:48 INFO  valid result: 
recall@10 : 0.584    mrr@10 : 0.5362    ndcg@10 : 0.4632    hit@10 : 0.8616    map@10 : 0.3468    precision@10 : 0.1762    gauc : 0.988    itemcoverage@10 : 0.1556    averagepopularity@10 : 5644.4449    giniindex@10 : 0.9769    shannonentropy@10 : 0.0071    tailpercentage@10 : 0.0
Mon 02 Dec 2024 12:29:48 INFO  Saving current: saved/mind\BPR\BPR-Dec-02-2024_11-34-24.pth
Mon 02 Dec 2024 12:29:59 INFO  epoch 38 training [time: 10.53s, train loss: 9.0670]
Mon 02 Dec 2024 12:31:12 INFO  epoch 38 evaluating [time: 73.07s, valid_score: 0.534800]
Mon 02 Dec 2024 12:31:12 INFO  valid result: 
recall@10 : 0.5843    mrr@10 : 0.5348    ndcg@10 : 0.4628    hit@10 : 0.8623    map@10 : 0.3461    precision@10 : 0.1766    gauc : 0.9881    itemcoverage@10 : 0.1576    averagepopularity@10 : 5636.0263    giniindex@10 : 0.9766    shannonentropy@10 : 0.007    tailpercentage@10 : 0.0
Mon 02 Dec 2024 12:31:22 INFO  epoch 39 training [time: 9.96s, train loss: 8.8435]
Mon 02 Dec 2024 12:32:31 INFO  epoch 39 evaluating [time: 68.93s, valid_score: 0.536000]
Mon 02 Dec 2024 12:32:31 INFO  valid result: 
recall@10 : 0.5865    mrr@10 : 0.536    ndcg@10 : 0.465    hit@10 : 0.8649    map@10 : 0.3483    precision@10 : 0.1771    gauc : 0.9882    itemcoverage@10 : 0.1592    averagepopularity@10 : 5597.4136    giniindex@10 : 0.9761    shannonentropy@10 : 0.007    tailpercentage@10 : 0.0
Mon 02 Dec 2024 12:32:41 INFO  epoch 40 training [time: 10.04s, train loss: 8.7553]
Mon 02 Dec 2024 12:33:50 INFO  epoch 40 evaluating [time: 69.89s, valid_score: 0.532900]
Mon 02 Dec 2024 12:33:50 INFO  valid result: 
recall@10 : 0.5888    mrr@10 : 0.5329    ndcg@10 : 0.4631    hit@10 : 0.8662    map@10 : 0.3451    precision@10 : 0.1776    gauc : 0.9883    itemcoverage@10 : 0.1617    averagepopularity@10 : 5524.2141    giniindex@10 : 0.9753    shannonentropy@10 : 0.0069    tailpercentage@10 : 0.0
Mon 02 Dec 2024 12:34:00 INFO  epoch 41 training [time: 9.98s, train loss: 8.4671]
Mon 02 Dec 2024 12:35:11 INFO  epoch 41 evaluating [time: 70.16s, valid_score: 0.541000]
Mon 02 Dec 2024 12:35:11 INFO  valid result: 
recall@10 : 0.5932    mrr@10 : 0.541    ndcg@10 : 0.4702    hit@10 : 0.8691    map@10 : 0.353    precision@10 : 0.1787    gauc : 0.9885    itemcoverage@10 : 0.164    averagepopularity@10 : 5523.127    giniindex@10 : 0.9751    shannonentropy@10 : 0.0068    tailpercentage@10 : 0.0
Mon 02 Dec 2024 12:35:11 INFO  Saving current: saved/mind\BPR\BPR-Dec-02-2024_11-34-24.pth
Mon 02 Dec 2024 12:35:21 INFO  epoch 42 training [time: 10.21s, train loss: 8.1469]
Mon 02 Dec 2024 12:36:29 INFO  epoch 42 evaluating [time: 67.79s, valid_score: 0.540900]
Mon 02 Dec 2024 12:36:29 INFO  valid result: 
recall@10 : 0.5925    mrr@10 : 0.5409    ndcg@10 : 0.4703    hit@10 : 0.8682    map@10 : 0.3533    precision@10 : 0.1786    gauc : 0.9886    itemcoverage@10 : 0.1676    averagepopularity@10 : 5516.5661    giniindex@10 : 0.9749    shannonentropy@10 : 0.0067    tailpercentage@10 : 0.0
Mon 02 Dec 2024 12:36:38 INFO  epoch 43 training [time: 9.55s, train loss: 8.0758]
Mon 02 Dec 2024 12:37:46 INFO  epoch 43 evaluating [time: 67.81s, valid_score: 0.545100]
Mon 02 Dec 2024 12:37:46 INFO  valid result: 
recall@10 : 0.5969    mrr@10 : 0.5451    ndcg@10 : 0.4746    hit@10 : 0.8726    map@10 : 0.3577    precision@10 : 0.1794    gauc : 0.9887    itemcoverage@10 : 0.1706    averagepopularity@10 : 5517.5534    giniindex@10 : 0.9747    shannonentropy@10 : 0.0066    tailpercentage@10 : 0.0
Mon 02 Dec 2024 12:37:46 INFO  Saving current: saved/mind\BPR\BPR-Dec-02-2024_11-34-24.pth
Mon 02 Dec 2024 12:37:56 INFO  epoch 44 training [time: 9.84s, train loss: 7.9842]
Mon 02 Dec 2024 12:39:06 INFO  epoch 44 evaluating [time: 69.75s, valid_score: 0.546100]
Mon 02 Dec 2024 12:39:06 INFO  valid result: 
recall@10 : 0.5959    mrr@10 : 0.5461    ndcg@10 : 0.4748    hit@10 : 0.8712    map@10 : 0.3579    precision@10 : 0.1797    gauc : 0.9888    itemcoverage@10 : 0.1751    averagepopularity@10 : 5508.2508    giniindex@10 : 0.9747    shannonentropy@10 : 0.0064    tailpercentage@10 : 0.0
Mon 02 Dec 2024 12:39:06 INFO  Saving current: saved/mind\BPR\BPR-Dec-02-2024_11-34-24.pth
Mon 02 Dec 2024 12:39:16 INFO  epoch 45 training [time: 10.31s, train loss: 7.9293]
Mon 02 Dec 2024 12:40:25 INFO  epoch 45 evaluating [time: 68.98s, valid_score: 0.544200]
Mon 02 Dec 2024 12:40:25 INFO  valid result: 
recall@10 : 0.5985    mrr@10 : 0.5442    ndcg@10 : 0.4747    hit@10 : 0.8726    map@10 : 0.3571    precision@10 : 0.1799    gauc : 0.9889    itemcoverage@10 : 0.178    averagepopularity@10 : 5473.6947    giniindex@10 : 0.974    shannonentropy@10 : 0.0063    tailpercentage@10 : 0.0
Mon 02 Dec 2024 12:40:35 INFO  epoch 46 training [time: 10.17s, train loss: 7.6592]
Mon 02 Dec 2024 12:41:44 INFO  epoch 46 evaluating [time: 69.30s, valid_score: 0.544600]
Mon 02 Dec 2024 12:41:44 INFO  valid result: 
recall@10 : 0.601    mrr@10 : 0.5446    ndcg@10 : 0.4762    hit@10 : 0.8739    map@10 : 0.3582    precision@10 : 0.181    gauc : 0.989    itemcoverage@10 : 0.1821    averagepopularity@10 : 5453.0441    giniindex@10 : 0.9737    shannonentropy@10 : 0.0062    tailpercentage@10 : 0.0
Mon 02 Dec 2024 12:41:55 INFO  epoch 47 training [time: 10.09s, train loss: 7.4563]
Mon 02 Dec 2024 12:43:03 INFO  epoch 47 evaluating [time: 68.85s, valid_score: 0.542200]
Mon 02 Dec 2024 12:43:03 INFO  valid result: 
recall@10 : 0.6006    mrr@10 : 0.5422    ndcg@10 : 0.4743    hit@10 : 0.8747    map@10 : 0.356    precision@10 : 0.1806    gauc : 0.989    itemcoverage@10 : 0.1848    averagepopularity@10 : 5420.1185    giniindex@10 : 0.9737    shannonentropy@10 : 0.0061    tailpercentage@10 : 0.0
Mon 02 Dec 2024 12:43:14 INFO  epoch 48 training [time: 10.11s, train loss: 7.4041]
